<?xml version="1.0" encoding="UTF-8"?>
<testng-results ignored="0" total="1" passed="1" failed="0" skipped="0">
  <reporter-output>
  </reporter-output>
  <suite started-at="2022-12-08T22:28:36 IST" name="Default suite" finished-at="2022-12-08T22:28:44 IST" duration-ms="8103">
    <groups>
    </groups>
    <test started-at="2022-12-08T22:28:36 IST" name="Default test" finished-at="2022-12-08T22:28:44 IST" duration-ms="8103">
      <class name="TestCases.SignUpTestCase">
        <test-method signature="verifySignup()[pri:0, instance:TestCases.SignUpTestCase@28f3b248]" started-at="2022-12-08T22:28:36 IST" name="verifySignup" finished-at="2022-12-08T22:28:44 IST" duration-ms="8036" status="PASS">
          <reporter-output>
          </reporter-output>
        </test-method> <!-- verifySignup -->
      </class> <!-- TestCases.SignUpTestCase -->
    </test> <!-- Default test -->
  </suite> <!-- Default suite -->
</testng-results>
