<?xml version="1.0" encoding="UTF-8"?>
<testng-results ignored="0" total="1" passed="1" failed="0" skipped="0">
  <reporter-output>
  </reporter-output>
  <suite started-at="2022-12-15T22:47:20 IST" name="Default suite" finished-at="2022-12-15T22:47:39 IST" duration-ms="19050">
    <groups>
    </groups>
    <test started-at="2022-12-15T22:47:20 IST" name="Default test" finished-at="2022-12-15T22:47:39 IST" duration-ms="19050">
      <class name="TestCases.SignUpTestCase">
        <test-method is-config="true" signature="launch()[pri:0, instance:TestCases.SignUpTestCase@16a0ee18]" started-at="2022-12-15T22:47:20 IST" name="launch" finished-at="2022-12-15T22:47:25 IST" duration-ms="5333" status="PASS">
          <reporter-output>
          </reporter-output>
        </test-method> <!-- launch -->
        <test-method signature="verifySignup()[pri:0, instance:TestCases.SignUpTestCase@16a0ee18]" started-at="2022-12-15T22:47:25 IST" name="verifySignup" finished-at="2022-12-15T22:47:39 IST" duration-ms="13658" status="PASS">
          <reporter-output>
          </reporter-output>
        </test-method> <!-- verifySignup -->
      </class> <!-- TestCases.SignUpTestCase -->
    </test> <!-- Default test -->
  </suite> <!-- Default suite -->
</testng-results>
